<?xml version="1.0" encoding="UTF-8"?>
<!-- Generated by org.testng.reporters.JUnitXMLReporter -->
<testsuite hostname="LAPTOP-SMC8HIAI" ignored="2" name="Default test(failed)" tests="2" failures="0" timestamp="2021-01-23T11:55:37 IST" time="0.087" errors="0">
  <testcase name="verifyUser" time="0.013" classname="testpack.TestngDemo"/>
  <testcase name="createUser" time="0.002" classname="testpack.TestngDemo"/>
  <testcase name="login" time="0.0" classname="testpack.TestngDemo">
    <ignored/>
  </testcase> <!-- login -->
  <testcase name="verifyHome" time="0.0" classname="testpack.TestngDemo">
    <ignored/>
  </testcase> <!-- verifyHome -->
</testsuite> <!-- Default test(failed) -->
